<?xml version="1.0" encoding="UTF-8"?>
<!-- Generated by org.testng.reporters.JUnitReportReporter -->
<testsuite hostname="DESKTOP-EULJV3S" failures="0" tests="1" name="com.test.jenkenipracticeTest" time="0.020" errors="0" timestamp="2024-01-25T16:17:18 IST" skipped="0">
  <testcase classname="com.test.jenkenipracticeTest" name="aTest3" time="0.020"/>
  <system-out>
    <![CDATA[ok iam regression 2]]>
  </system-out>
</testsuite> <!-- com.test.jenkenipracticeTest -->
