<?xml version="1.0" encoding="UTF-8"?>
<!-- Generated by org.testng.reporters.JUnitReportReporter -->
<testsuite hostname="DESKTOP-EULJV3S" failures="0" tests="1" name="com.test.jenkenipracticeTest" time="0.013" errors="0" timestamp="2024-01-25T13:56:46 IST" skipped="0">
  <testcase classname="com.test.jenkenipracticeTest" name="aTest" time="0.013"/>
  <system-out>
    <![CDATA[ok iam present]]>
  </system-out>
</testsuite> <!-- com.test.jenkenipracticeTest -->
