<?xml version="1.0" encoding="UTF-8"?>
<!-- Generated by org.testng.reporters.JUnitReportReporter -->
<testsuite hostname="DESKTOP-EULJV3S" failures="0" tests="2" name="jenkins12.JenkinPracticeTest" time="0.020" errors="0" timestamp="2024-04-22T17:37:09 IST" skipped="0">
  <testcase classname="jenkins12.JenkinPracticeTest" name="sachinTest" time="0.016"/>
  <system-out/>
  <testcase classname="jenkins12.JenkinPracticeTest" name="sachinTest2" time="0.004"/>
  <system-out/>
</testsuite> <!-- jenkins12.JenkinPracticeTest -->
